c:\project\openglgame\openglgame\x64\debug\openglgame.pch
c:\project\openglgame\openglgame\x64\debug\vc145.pdb
c:\project\openglgame\openglgame\x64\debug\vc145.idb
c:\project\openglgame\openglgame\x64\debug\glad.obj
c:\project\openglgame\openglgame\x64\debug\main.obj
c:\project\openglgame\openglgame\x64\debug\openglwindow.obj
c:\project\openglgame\openglgame\x64\debug\encoding.obj
c:\project\openglgame\openglgame\x64\debug\openglgame.ilk
c:\project\openglgame\x64\debug\openglgame.pdb
c:\project\openglgame\openglgame\x64\debug\openglgame.tlog\cl.command.1.tlog
c:\project\openglgame\openglgame\x64\debug\openglgame.tlog\cl.items.tlog
c:\project\openglgame\openglgame\x64\debug\openglgame.tlog\cl.read.1.tlog
c:\project\openglgame\openglgame\x64\debug\openglgame.tlog\cl.write.1.tlog
c:\project\openglgame\openglgame\x64\debug\openglgame.tlog\link.17268-cvtres.read.1.tlog
c:\project\openglgame\openglgame\x64\debug\openglgame.tlog\link.17268-cvtres.write.1.tlog
c:\project\openglgame\openglgame\x64\debug\openglgame.tlog\link.17268-rc.read.1.tlog
c:\project\openglgame\openglgame\x64\debug\openglgame.tlog\link.17268-rc.write.1.tlog
c:\project\openglgame\openglgame\x64\debug\openglgame.tlog\link.17268.read.1.tlog
c:\project\openglgame\openglgame\x64\debug\openglgame.tlog\link.17268.read.2.tlog
c:\project\openglgame\openglgame\x64\debug\openglgame.tlog\link.17268.write.1.tlog
c:\project\openglgame\openglgame\x64\debug\openglgame.tlog\link.command.1.tlog
c:\project\openglgame\openglgame\x64\debug\openglgame.tlog\link.read.1.tlog
c:\project\openglgame\openglgame\x64\debug\openglgame.tlog\link.secondary.1.tlog
c:\project\openglgame\openglgame\x64\debug\openglgame.tlog\link.write.1.tlog
