c:\users\jaehyeok\desktop\opengl-game\openglgame\x64\release\openglgame.pch
c:\users\jaehyeok\desktop\opengl-game\openglgame\x64\release\vc143.pdb
c:\users\jaehyeok\desktop\opengl-game\openglgame\x64\release\pch.obj
c:\users\jaehyeok\desktop\opengl-game\openglgame\x64\release\vertexbuffer2d.obj
c:\users\jaehyeok\desktop\opengl-game\openglgame\x64\release\texture2d.obj
c:\users\jaehyeok\desktop\opengl-game\openglgame\x64\release\stb_image.obj
c:\users\jaehyeok\desktop\opengl-game\openglgame\x64\release\sprite.obj
c:\users\jaehyeok\desktop\opengl-game\openglgame\x64\release\resourcemanager.obj
c:\users\jaehyeok\desktop\opengl-game\openglgame\x64\release\openglwindow.obj
c:\users\jaehyeok\desktop\opengl-game\openglgame\x64\release\mainwindow.obj
c:\users\jaehyeok\desktop\opengl-game\openglgame\x64\release\main.obj
c:\users\jaehyeok\desktop\opengl-game\openglgame\x64\release\glad.obj
c:\users\jaehyeok\desktop\opengl-game\openglgame\x64\release\encoding.obj
c:\users\jaehyeok\desktop\opengl-game\openglgame\x64\release\openglgame.ipdb
c:\users\jaehyeok\desktop\opengl-game\openglgame\x64\release\openglgame.iobj
c:\users\jaehyeok\desktop\opengl-game\x64\release\openglgame.pdb
c:\users\jaehyeok\desktop\opengl-game\x64\release\openglgame.exe
c:\users\jaehyeok\desktop\opengl-game\openglgame\x64\release\openglgame.tlog\cl.command.1.tlog
c:\users\jaehyeok\desktop\opengl-game\openglgame\x64\release\openglgame.tlog\cl.items.tlog
c:\users\jaehyeok\desktop\opengl-game\openglgame\x64\release\openglgame.tlog\cl.read.1.tlog
c:\users\jaehyeok\desktop\opengl-game\openglgame\x64\release\openglgame.tlog\cl.write.1.tlog
c:\users\jaehyeok\desktop\opengl-game\openglgame\x64\release\openglgame.tlog\link.command.1.tlog
c:\users\jaehyeok\desktop\opengl-game\openglgame\x64\release\openglgame.tlog\link.read.1.tlog
c:\users\jaehyeok\desktop\opengl-game\openglgame\x64\release\openglgame.tlog\link.secondary.1.tlog
c:\users\jaehyeok\desktop\opengl-game\openglgame\x64\release\openglgame.tlog\link.write.1.tlog
