  pch.cpp
C:\Users\jaehyeok\Desktop\OpenGL-Game\Library\include\GLFW\glfw3.h(3235,1): warning C4819: 현재 코드 페이지(949)에서 표시할 수 없는 문자가 파일에 들어 있습니다. 데이터가 손실되지 않게 하려면 해당 파일을 유니코드 형식으로 저장하십시오.
  (소스 파일 'pch.cpp'을(를) 컴파일하는 중)
  
  Encoding.cpp
  glad.cpp
  main.cpp
  MainWindow.cpp
  OpenGLWindow.cpp
  ResourceManager.cpp
  Sprite.cpp
  stb_image.cpp
  Texture2D.cpp
C:\Users\jaehyeok\Desktop\OpenGL-Game\OpenGLGame\Texture2D.cpp(60,10): warning C4267: '초기화 중': 'size_t'에서 'int'(으)로 변환하면서 데이터가 손실될 수 있습니다.
  (소스 파일 '/Texture2D.cpp'을(를) 컴파일하는 중)
  
  VertexBuffer2D.cpp
  코드를 생성하고 있습니다.
  Previous IPDB not found, fall back to full compilation.
  All 1234 functions were compiled because no usable IPDB/IOBJ from previous compilation was found.
  코드를 생성했습니다.
  OpenGLGame.vcxproj -> C:\Users\jaehyeok\Desktop\OpenGL-Game\x64\Release\OpenGLGame.exe
  'pwsh.exe'은(는) 내부 또는 외부 명령, 실행할 수 있는 프로그램, 또는
  배치 파일이 아닙니다.
